[     825ms] [WARNING] [JavaScript Warning: "Content-Security-Policy: Ignoring “'self'” within script-src: ‘strict-dynamic’ specified" {file: "https://www.walmart.com/" line: 0}] @ https://www.walmart.com/:0
[     826ms] [WARNING] [JavaScript Warning: "Content-Security-Policy: Ignoring “https://*.1worldsync.com” within script-src: ‘strict-dynamic’ specified" {file: "https://www.walmart.com/" line: 0}] @ https://www.walmart.com/:0
[     826ms] [WARNING] [JavaScript Warning: "Content-Security-Policy: Ignoring “https://*.accenture.com” within script-src: ‘strict-dynamic’ specified" {file: "https://www.walmart.com/" line: 0}] @ https://www.walmart.com/:0
[     826ms] [WARNING] [JavaScript Warning: "Content-Security-Policy: Ignoring “https://*.babylist.com” within script-src: ‘strict-dynamic’ specified" {file: "https://www.walmart.com/" line: 0}] @ https://www.walmart.com/:0
[     826ms] [WARNING] [JavaScript Warning: "Content-Security-Policy: Ignoring “https://*.buywith.com” within script-src: ‘strict-dynamic’ specified" {file: "https://www.walmart.com/" line: 0}] @ https://www.walmart.com/:0
[     826ms] [WARNING] [JavaScript Warning: "Content-Security-Policy: Ignoring “https://*.cloudfront.net” within script-src: ‘strict-dynamic’ specified" {file: "https://www.walmart.com/" line: 0}] @ https://www.walmart.com/:0
[     826ms] [WARNING] [JavaScript Warning: "Content-Security-Policy: Ignoring “https://*.cloudinary.com” within script-src: ‘strict-dynamic’ specified" {file: "https://www.walmart.com/" line: 0}] @ https://www.walmart.com/:0
[     826ms] [WARNING] [JavaScript Warning: "Content-Security-Policy: Ignoring “https://*.cnetcontent.com” within script-src: ‘strict-dynamic’ specified" {file: "https://www.walmart.com/" line: 0}] @ https://www.walmart.com/:0
[     826ms] [WARNING] [JavaScript Warning: "Content-Security-Policy: Ignoring “https://*.digital-cloud.medallia.com” within script-src: ‘strict-dynamic’ specified" {file: "https://www.walmart.com/" line: 0}] @ https://www.walmart.com/:0
[     826ms] [WARNING] [JavaScript Warning: "Content-Security-Policy: Ignoring “https://*.flix360.com” within script-src: ‘strict-dynamic’ specified" {file: "https://www.walmart.com/" line: 0}] @ https://www.walmart.com/:0
[     827ms] [WARNING] [JavaScript Warning: "Content-Security-Policy: Ignoring “https://*.flix360.io” within script-src: ‘strict-dynamic’ specified" {file: "https://www.walmart.com/" line: 0}] @ https://www.walmart.com/:0
[     827ms] [WARNING] [JavaScript Warning: "Content-Security-Policy: Ignoring “https://*.fullstory.com” within script-src: ‘strict-dynamic’ specified" {file: "https://www.walmart.com/" line: 0}] @ https://www.walmart.com/:0
[     827ms] [WARNING] [JavaScript Warning: "Content-Security-Policy: Ignoring “https://*.kampyle.co” within script-src: ‘strict-dynamic’ specified" {file: "https://www.walmart.com/" line: 0}] @ https://www.walmart.com/:0
[     827ms] [WARNING] [JavaScript Warning: "Content-Security-Policy: Ignoring “https://*.kampyle.com” within script-src: ‘strict-dynamic’ specified" {file: "https://www.walmart.com/" line: 0}] @ https://www.walmart.com/:0
[     827ms] [WARNING] [JavaScript Warning: "Content-Security-Policy: Ignoring “https://*.ksckreate.net” within script-src: ‘strict-dynamic’ specified" {file: "https://www.walmart.com/" line: 0}] @ https://www.walmart.com/:0
[     827ms] [WARNING] [JavaScript Warning: "Content-Security-Policy: Ignoring “https://*.px-cloud.net” within script-src: ‘strict-dynamic’ specified" {file: "https://www.walmart.com/" line: 0}] @ https://www.walmart.com/:0
[     827ms] [WARNING] [JavaScript Warning: "Content-Security-Policy: Ignoring “https://*.quantummetric.com” within script-src: ‘strict-dynamic’ specified" {file: "https://www.walmart.com/" line: 0}] @ https://www.walmart.com/:0
[     827ms] [WARNING] [JavaScript Warning: "Content-Security-Policy: Ignoring “https://*.richcontext.com” within script-src: ‘strict-dynamic’ specified" {file: "https://www.walmart.com/" line: 0}] @ https://www.walmart.com/:0
[     832ms] [WARNING] [JavaScript Warning: "Content-Security-Policy: Ignoring “https://*.salsify.com” within script-src: ‘strict-dynamic’ specified" {file: "https://www.walmart.com/" line: 0}] @ https://www.walmart.com/:0
[     833ms] [WARNING] [JavaScript Warning: "Content-Security-Policy: Ignoring “https://*.syndigo.cloud” within script-src: ‘strict-dynamic’ specified" {file: "https://www.walmart.com/" line: 0}] @ https://www.walmart.com/:0
[     833ms] [WARNING] [JavaScript Warning: "Content-Security-Policy: Ignoring “https://*.syndigo.com” within script-src: ‘strict-dynamic’ specified" {file: "https://www.walmart.com/" line: 0}] @ https://www.walmart.com/:0
[     833ms] [WARNING] [JavaScript Warning: "Content-Security-Policy: Ignoring “https://*.talkshop.live” within script-src: ‘strict-dynamic’ specified" {file: "https://www.walmart.com/" line: 0}] @ https://www.walmart.com/:0
[     833ms] [WARNING] [JavaScript Warning: "Content-Security-Policy: Ignoring “https://*.thestable.com” within script-src: ‘strict-dynamic’ specified" {file: "https://www.walmart.com/" line: 0}] @ https://www.walmart.com/:0
[     833ms] [WARNING] [JavaScript Warning: "Content-Security-Policy: Ignoring “https://*.wal.co” within script-src: ‘strict-dynamic’ specified" {file: "https://www.walmart.com/" line: 0}] @ https://www.walmart.com/:0
[     833ms] [WARNING] [JavaScript Warning: "Content-Security-Policy: Ignoring “https://*.walmart-customcards.com” within script-src: ‘strict-dynamic’ specified" {file: "https://www.walmart.com/" line: 0}] @ https://www.walmart.com/:0
[     833ms] [WARNING] [JavaScript Warning: "Content-Security-Policy: Ignoring “https://*.walmart.com:*” within script-src: ‘strict-dynamic’ specified" {file: "https://www.walmart.com/" line: 0}] @ https://www.walmart.com/:0
[     833ms] [WARNING] [JavaScript Warning: "Content-Security-Policy: Ignoring “https://*.walmart.net” within script-src: ‘strict-dynamic’ specified" {file: "https://www.walmart.com/" line: 0}] @ https://www.walmart.com/:0
[     833ms] [WARNING] [JavaScript Warning: "Content-Security-Policy: Ignoring “https://*.walmartimages.com” within script-src: ‘strict-dynamic’ specified" {file: "https://www.walmart.com/" line: 0}] @ https://www.walmart.com/:0
[     833ms] [WARNING] [JavaScript Warning: "Content-Security-Policy: Ignoring “https://*.zeekit.www.walmart.com” within script-src: ‘strict-dynamic’ specified" {file: "https://www.walmart.com/" line: 0}] @ https://www.walmart.com/:0
[     833ms] [WARNING] [JavaScript Warning: "Content-Security-Policy: Ignoring “https://aroptical-scan.wal-mart.com” within script-src: ‘strict-dynamic’ specified" {file: "https://www.walmart.com/" line: 0}] @ https://www.walmart.com/:0
[     833ms] [WARNING] [JavaScript Warning: "Content-Security-Policy: Ignoring “https://aroptical-wasm.walmart.com” within script-src: ‘strict-dynamic’ specified" {file: "https://www.walmart.com/" line: 0}] @ https://www.walmart.com/:0
[     833ms] [WARNING] [JavaScript Warning: "Content-Security-Policy: Ignoring “https://assets-jpcust.jwpsrv.com” within script-src: ‘strict-dynamic’ specified" {file: "https://www.walmart.com/" line: 0}] @ https://www.walmart.com/:0
[     833ms] [WARNING] [JavaScript Warning: "Content-Security-Policy: Ignoring “https://assets.optiwise.ai” within script-src: ‘strict-dynamic’ specified" {file: "https://www.walmart.com/" line: 0}] @ https://www.walmart.com/:0
[     833ms] [WARNING] [JavaScript Warning: "Content-Security-Policy: Ignoring “https://b.affil.walmart.com” within script-src: ‘strict-dynamic’ specified" {file: "https://www.walmart.com/" line: 0}] @ https://www.walmart.com/:0
[     833ms] [WARNING] [JavaScript Warning: "Content-Security-Policy: Ignoring “https://b.affiliates.walmart.com” within script-src: ‘strict-dynamic’ specified" {file: "https://www.walmart.com/" line: 0}] @ https://www.walmart.com/:0
[     833ms] [WARNING] [JavaScript Warning: "Content-Security-Policy: Ignoring “https://b.identity.walmart.com” within script-src: ‘strict-dynamic’ specified" {file: "https://www.walmart.com/" line: 0}] @ https://www.walmart.com/:0
[     833ms] [WARNING] [JavaScript Warning: "Content-Security-Policy: Ignoring “https://b.native-checkout.prod.affiliates.walmart.com” within script-src: ‘strict-dynamic’ specified" {file: "https://www.walmart.com/" line: 0}] @ https://www.walmart.com/:0
[     833ms] [WARNING] [JavaScript Warning: "Content-Security-Policy: Ignoring “https://b.photos3.walmart.com” within script-src: ‘strict-dynamic’ specified" {file: "https://www.walmart.com/" line: 0}] @ https://www.walmart.com/:0
[     833ms] [WARNING] [JavaScript Warning: "Content-Security-Policy: Ignoring “https://b.www.walmart.com” within script-src: ‘strict-dynamic’ specified" {file: "https://www.walmart.com/" line: 0}] @ https://www.walmart.com/:0
[     833ms] [WARNING] [JavaScript Warning: "Content-Security-Policy: Ignoring “https://beacon.walmart.com” within script-src: ‘strict-dynamic’ specified" {file: "https://www.walmart.com/" line: 0}] @ https://www.walmart.com/:0
[     833ms] [WARNING] [JavaScript Warning: "Content-Security-Policy: Ignoring “https://bp.www.walmart.com” within script-src: ‘strict-dynamic’ specified" {file: "https://www.walmart.com/" line: 0}] @ https://www.walmart.com/:0
[     833ms] [WARNING] [JavaScript Warning: "Content-Security-Policy: Ignoring “https://ccsprodus1.blob.core.windows.net” within script-src: ‘strict-dynamic’ specified" {file: "https://www.walmart.com/" line: 0}] @ https://www.walmart.com/:0
[     834ms] [WARNING] [JavaScript Warning: "Content-Security-Policy: Ignoring “https://cdn.jwplayer.com” within script-src: ‘strict-dynamic’ specified" {file: "https://www.walmart.com/" line: 0}] @ https://www.walmart.com/:0
[     834ms] [WARNING] [JavaScript Warning: "Content-Security-Policy: Ignoring “https://connect.facebook.net” within script-src: ‘strict-dynamic’ specified" {file: "https://www.walmart.com/" line: 0}] @ https://www.walmart.com/:0
[     834ms] [WARNING] [JavaScript Warning: "Content-Security-Policy: Ignoring “https://content.etilize.com” within script-src: ‘strict-dynamic’ specified" {file: "https://www.walmart.com/" line: 0}] @ https://www.walmart.com/:0
[     834ms] [WARNING] [JavaScript Warning: "Content-Security-Policy: Ignoring “https://content.jwplatform.com” within script-src: ‘strict-dynamic’ specified" {file: "https://www.walmart.com/" line: 0}] @ https://www.walmart.com/:0
[     834ms] [WARNING] [JavaScript Warning: "Content-Security-Policy: Ignoring “https://d3nkfb7815bs43.cloudfront.net” within script-src: ‘strict-dynamic’ specified" {file: "https://www.walmart.com/" line: 0}] @ https://www.walmart.com/:0
[     834ms] [WARNING] [JavaScript Warning: "Content-Security-Policy: Ignoring “https://d3np41mctoibfu.cloudfront.net” within script-src: ‘strict-dynamic’ specified" {file: "https://www.walmart.com/" line: 0}] @ https://www.walmart.com/:0
[     834ms] [WARNING] [JavaScript Warning: "Content-Security-Policy: Ignoring “https://drfdisvc.walmart.com” within script-src: ‘strict-dynamic’ specified" {file: "https://www.walmart.com/" line: 0}] @ https://www.walmart.com/:0
[     834ms] [WARNING] [JavaScript Warning: "Content-Security-Policy: Ignoring “https://ls.chatid.com” within script-src: ‘strict-dynamic’ specified" {file: "https://www.walmart.com/" line: 0}] @ https://www.walmart.com/:0
[     834ms] [WARNING] [JavaScript Warning: "Content-Security-Policy: Ignoring “https://maps.googleapis.com” within script-src: ‘strict-dynamic’ specified" {file: "https://www.walmart.com/" line: 0}] @ https://www.walmart.com/:0
[     834ms] [WARNING] [JavaScript Warning: "Content-Security-Policy: Ignoring “https://media.flixcar.com” within script-src: ‘strict-dynamic’ specified" {file: "https://www.walmart.com/" line: 0}] @ https://www.walmart.com/:0
[     834ms] [WARNING] [JavaScript Warning: "Content-Security-Policy: Ignoring “https://media.flixfacts.com” within script-src: ‘strict-dynamic’ specified" {file: "https://www.walmart.com/" line: 0}] @ https://www.walmart.com/:0
[     834ms] [WARNING] [JavaScript Warning: "Content-Security-Policy: Ignoring “https://media.sku.ninja” within script-src: ‘strict-dynamic’ specified" {file: "https://www.walmart.com/" line: 0}] @ https://www.walmart.com/:0
[     834ms] [WARNING] [JavaScript Warning: "Content-Security-Policy: Ignoring “https://mmwm-scan-prod.centralus.cloudapp.azure.com” within script-src: ‘strict-dynamic’ specified" {file: "https://www.walmart.com/" line: 0}] @ https://www.walmart.com/:0
[     834ms] [WARNING] [JavaScript Warning: "Content-Security-Policy: Ignoring “https://photorankstatics-a.akamaihd.net” within script-src: ‘strict-dynamic’ specified" {file: "https://www.walmart.com/" line: 0}] @ https://www.walmart.com/:0
[     834ms] [WARNING] [JavaScript Warning: "Content-Security-Policy: Ignoring “https://rackcdn.com” within script-src: ‘strict-dynamic’ specified" {file: "https://www.walmart.com/" line: 0}] @ https://www.walmart.com/:0
[     834ms] [WARNING] [JavaScript Warning: "Content-Security-Policy: Ignoring “https://s.xlgmedia.com” within script-src: ‘strict-dynamic’ specified" {file: "https://www.walmart.com/" line: 0}] @ https://www.walmart.com/:0
[     834ms] [WARNING] [JavaScript Warning: "Content-Security-Policy: Ignoring “https://salsify-ecdn.com” within script-src: ‘strict-dynamic’ specified" {file: "https://www.walmart.com/" line: 0}] @ https://www.walmart.com/:0
[     834ms] [WARNING] [JavaScript Warning: "Content-Security-Policy: Ignoring “https://ssl.p.jwpcdn.com” within script-src: ‘strict-dynamic’ specified" {file: "https://www.walmart.com/" line: 0}] @ https://www.walmart.com/:0
[     834ms] [WARNING] [JavaScript Warning: "Content-Security-Policy: Ignoring “https://videos-cloudfront.jwpsrv.com” within script-src: ‘strict-dynamic’ specified" {file: "https://www.walmart.com/" line: 0}] @ https://www.walmart.com/:0
[     834ms] [WARNING] [JavaScript Warning: "Content-Security-Policy: Ignoring “https://ws.cnetcontent.com” within script-src: ‘strict-dynamic’ specified" {file: "https://www.walmart.com/" line: 0}] @ https://www.walmart.com/:0
[     835ms] [WARNING] [JavaScript Warning: "Content-Security-Policy: Ignoring “wss://api.talkshop.live” within script-src: ‘strict-dynamic’ specified" {file: "https://www.walmart.com/" line: 0}] @ https://www.walmart.com/:0
[     835ms] [WARNING] [JavaScript Warning: "Content-Security-Policy: Ignoring “https://www.ezdia.com” within script-src: ‘strict-dynamic’ specified" {file: "https://www.walmart.com/" line: 0}] @ https://www.walmart.com/:0
[     835ms] [WARNING] [JavaScript Warning: "Content-Security-Policy: Ignoring “https://www.recaptcha.net” within script-src: ‘strict-dynamic’ specified" {file: "https://www.walmart.com/" line: 0}] @ https://www.walmart.com/:0
[     835ms] [WARNING] [JavaScript Warning: "Loading failed for the <script> with source “https://www.walmart.com/akam/13/34452c5b”." {file: "https://www.walmart.com/" line: 13}] @ https://www.walmart.com/:13
[     860ms] [ERROR] [JavaScript Error: "Content-Security-Policy: The page’s settings blocked an inline script (script-src-elem) from being executed because it violates the following directive: “script-src 'self' 'strict-dynamic' 'wasm-unsafe-eval' https://*.1worldsync.com https://*.accenture.com https://*.babylist.com https://*.buywith.com https://*.cloudfront.net https://*.cloudinary.com https://*.cnetcontent.com https://*.digital-cloud.medallia.com https://*.flix360.com https://*.flix360.io https://*.fullstory.com https://*.kampyle.co https://*.kampyle.com https://*.ksckreate.net https://*.px-cloud.net https://*.quantummetric.com https://*.richcontext.com https://*.salsify.com https://*.syndigo.cloud https://*.syndigo.com https://*.talkshop.live https://*.thestable.com https://*.wal.co https://*.walmart-customcards.com https://*.walmart.com:* https://*.walmart.net https://*.walmartimages.com https://*.zeekit.www.walmart.com https://aroptical-scan.wal-mart.com https://aroptical-wasm.walmart.com https://assets-jpcust.jwpsrv.com https://assets.optiwise.ai https://b.affil.walmart.com https://b.affiliates.walmart.com https://b.identity.walmart.com https://b.native-checkout.prod.affiliates.walmart.com https://b.photos3.walmart.com https://b.www.walmart.com https://beacon.walmart.com https://bp.www.walmart.com https://ccsprodus1.blob.core.windows.net https://cdn.jwplayer.com https://connect.facebook.net https://content.etilize.com https://content.jwplatform.com https://d3nkfb7815bs43.cloudfront.net https://d3np41mctoibfu.cloudfront.net https://drfdisvc.walmart.com https://ls.chatid.com https://maps.googleapis.com https://media.flixcar.com https://media.flixfacts.com https://media.sku.ninja https://mmwm-scan-prod.centralus.cloudapp.azure.com https://photorankstatics-a.akamaihd.net https://rackcdn.com https://s.xlgmedia.com https://salsify-ecdn.com https://ssl.p.jwpcdn.com https://videos-cloudfront.jwpsrv.com https://ws.cnetcontent.com wss://api.talkshop.live https://www.ezdia.com https://www.recaptcha.net 'nonce-F2G4fKCEBQl0QMbP'”. Consider using a hash ('sha256-60OsEQAkOATjdHaRR+RgtjnzgWXlww4huEDLlBDlSqo=') or a nonce." {file: "https://www.walmart.com/" line: 13}] @ https://www.walmart.com/:13
[     861ms] [ERROR] [JavaScript Error: "Content-Security-Policy: The page’s settings blocked a script (script-src-elem) at https://www.walmart.com/akam/13/34452c5b from being executed because it violates the following directive: “script-src 'self' 'strict-dynamic' 'wasm-unsafe-eval' https://*.1worldsync.com https://*.accenture.com https://*.babylist.com https://*.buywith.com https://*.cloudfront.net https://*.cloudinary.com https://*.cnetcontent.com https://*.digital-cloud.medallia.com https://*.flix360.com https://*.flix360.io https://*.fullstory.com https://*.kampyle.co https://*.kampyle.com https://*.ksckreate.net https://*.px-cloud.net https://*.quantummetric.com https://*.richcontext.com https://*.salsify.com https://*.syndigo.cloud https://*.syndigo.com https://*.talkshop.live https://*.thestable.com https://*.wal.co https://*.walmart-customcards.com https://*.walmart.com:* https://*.walmart.net https://*.walmartimages.com https://*.zeekit.www.walmart.com https://aroptical-scan.wal-mart.com https://aroptical-wasm.walmart.com https://assets-jpcust.jwpsrv.com https://assets.optiwise.ai https://b.affil.walmart.com https://b.affiliates.walmart.com https://b.identity.walmart.com https://b.native-checkout.prod.affiliates.walmart.com https://b.photos3.walmart.com https://b.www.walmart.com https://beacon.walmart.com https://bp.www.walmart.com https://ccsprodus1.blob.core.windows.net https://cdn.jwplayer.com https://connect.facebook.net https://content.etilize.com https://content.jwplatform.com https://d3nkfb7815bs43.cloudfront.net https://d3np41mctoibfu.cloudfront.net https://drfdisvc.walmart.com https://ls.chatid.com https://maps.googleapis.com https://media.flixcar.com https://media.flixfacts.com https://media.sku.ninja https://mmwm-scan-prod.centralus.cloudapp.azure.com https://photorankstatics-a.akamaihd.net https://rackcdn.com https://s.xlgmedia.com https://salsify-ecdn.com https://ssl.p.jwpcdn.com https://videos-cloudfront.jwpsrv.com https://ws.cnetcontent.com wss://api.talkshop.live https://www.ezdia.com https://www.recaptcha.net 'nonce-F2G4fKCEBQl0QMbP'”" {file: "https://www.walmart.com/" line: 0}] @ https://www.walmart.com/:0
[    1657ms] [WARNING] [JavaScript Warning: "Window.fullScreen attribute is deprecated and will be removed in the future." {file: "https://www.walmart.com/~partytown/partytown-sandbox-sw.html?1774493985699" line: 2}] @ https://www.walmart.com/~partytown/partytown-sandbox-sw.html?1774493985699:2
[    1657ms] [WARNING] [JavaScript Warning: "InstallTrigger is deprecated and will be removed in the future." {file: "https://www.walmart.com/~partytown/partytown-sandbox-sw.html?1774493985699" line: 2}] @ https://www.walmart.com/~partytown/partytown-sandbox-sw.html?1774493985699:2
[    1657ms] [WARNING] [JavaScript Warning: "onmozfullscreenchange is deprecated." {file: "https://www.walmart.com/~partytown/partytown-sandbox-sw.html?1774493985699" line: 2}] @ https://www.walmart.com/~partytown/partytown-sandbox-sw.html?1774493985699:2
[    1658ms] [WARNING] [JavaScript Warning: "onmozfullscreenerror is deprecated." {file: "https://www.walmart.com/~partytown/partytown-sandbox-sw.html?1774493985699" line: 2}] @ https://www.walmart.com/~partytown/partytown-sandbox-sw.html?1774493985699:2
[    1658ms] [WARNING] [JavaScript Warning: "onmozfullscreenchange is deprecated." {file: "https://www.walmart.com/~partytown/partytown-sandbox-sw.html?1774493985699" line: 2}] @ https://www.walmart.com/~partytown/partytown-sandbox-sw.html?1774493985699:2
[    1658ms] [WARNING] [JavaScript Warning: "onmozfullscreenerror is deprecated." {file: "https://www.walmart.com/~partytown/partytown-sandbox-sw.html?1774493985699" line: 2}] @ https://www.walmart.com/~partytown/partytown-sandbox-sw.html?1774493985699:2
[    1831ms] [ERROR] [JavaScript Error: "Security Error: Content at https://www.walmart.com/ may not load data from chrome://juggler/content/juggler.xul."] @ :0
[    1923ms] [WARNING] [JavaScript Warning: "Cookie “_pxvid” with the “SameSite” attribute value “Lax” or “Strict” was omitted because of a cross-site redirect." {file: "https://b.www.walmart.com/tap.gif?tap=criteo&r=b.www.walmart.com&thirdpartyuserid=8ZwbTV9abEttSHpYbCUyRmN2ZnQyJTJCRU4lMkJibmkyaXAzOCUyRmkwYXVuJTJGcG9FQzBzemdEZzhRQ05WbTA2TmpKcENPJTJGNSUyRmhLSnQ" line: 0}] @ https://b.www.walmart.com/tap.gif?tap=criteo&r=b.www.walmart.com&thirdpartyuserid=8ZwbTV9abEttSHpYbCUyRmN2ZnQyJTJCRU4lMkJibmkyaXAzOCUyRmkwYXVuJTJGcG9FQzBzemdEZzhRQ05WbTA2TmpKcENPJTJGNSUyRmhLSnQ:0
[    1923ms] [WARNING] [JavaScript Warning: "Cookie “pxcts” with the “SameSite” attribute value “Lax” or “Strict” was omitted because of a cross-site redirect." {file: "https://b.www.walmart.com/tap.gif?tap=criteo&r=b.www.walmart.com&thirdpartyuserid=8ZwbTV9abEttSHpYbCUyRmN2ZnQyJTJCRU4lMkJibmkyaXAzOCUyRmkwYXVuJTJGcG9FQzBzemdEZzhRQ05WbTA2TmpKcENPJTJGNSUyRmhLSnQ" line: 0}] @ https://b.www.walmart.com/tap.gif?tap=criteo&r=b.www.walmart.com&thirdpartyuserid=8ZwbTV9abEttSHpYbCUyRmN2ZnQyJTJCRU4lMkJibmkyaXAzOCUyRmkwYXVuJTJGcG9FQzBzemdEZzhRQ05WbTA2TmpKcENPJTJGNSUyRmhLSnQ:0
[    1923ms] [WARNING] [JavaScript Warning: "Cookie “_pxde” with the “SameSite” attribute value “Lax” or “Strict” was omitted because of a cross-site redirect." {file: "https://b.www.walmart.com/tap.gif?tap=criteo&r=b.www.walmart.com&thirdpartyuserid=8ZwbTV9abEttSHpYbCUyRmN2ZnQyJTJCRU4lMkJibmkyaXAzOCUyRmkwYXVuJTJGcG9FQzBzemdEZzhRQ05WbTA2TmpKcENPJTJGNSUyRmhLSnQ" line: 0}] @ https://b.www.walmart.com/tap.gif?tap=criteo&r=b.www.walmart.com&thirdpartyuserid=8ZwbTV9abEttSHpYbCUyRmN2ZnQyJTJCRU4lMkJibmkyaXAzOCUyRmkwYXVuJTJGcG9FQzBzemdEZzhRQ05WbTA2TmpKcENPJTJGNSUyRmhLSnQ:0
[    2084ms] [WARNING] [JavaScript Warning: "Ignoring unsupported entryTypes: longtask." {file: "https://i5.walmartimages.com/dfw/63fd9f59-f600/d2777948-9b5d-4495-aa0b-1c16893f8b67/v2/en-US/_next/static/chunks/pages/_app-ba5452ccef68e2b9.js" line: 1}] @ https://i5.walmartimages.com/dfw/63fd9f59-f600/d2777948-9b5d-4495-aa0b-1c16893f8b67/v2/en-US/_next/static/chunks/pages/_app-ba5452ccef68e2b9.js:1
[    3276ms] [WARNING] [JavaScript Warning: "WEBGL_debug_renderer_info is deprecated in Firefox and will be removed. Please use RENDERER." {file: "https://www.walmart.com/~partytown/partytown-sandbox-sw.html?1774493985699" line: 2}] @ https://www.walmart.com/~partytown/partytown-sandbox-sw.html?1774493985699:2
[   36913ms] [WARNING] [JavaScript Warning: "Content-Security-Policy: Ignoring “'self'” within script-src: ‘strict-dynamic’ specified" {file: "https://www.walmart.ca/en?cmpid=WMUSRedirect" line: 0}] @ https://www.walmart.ca/en?cmpid=WMUSRedirect:0
[   36913ms] [WARNING] [JavaScript Warning: "Content-Security-Policy: Ignoring “https://*.criteo.com” within script-src: ‘strict-dynamic’ specified" {file: "https://www.walmart.ca/en?cmpid=WMUSRedirect" line: 0}] @ https://www.walmart.ca/en?cmpid=WMUSRedirect:0
[   36913ms] [WARNING] [JavaScript Warning: "Content-Security-Policy: Ignoring “https://*.developer.walmart.com” within script-src: ‘strict-dynamic’ specified" {file: "https://www.walmart.ca/en?cmpid=WMUSRedirect" line: 0}] @ https://www.walmart.ca/en?cmpid=WMUSRedirect:0
[   36913ms] [WARNING] [JavaScript Warning: "Content-Security-Policy: Ignoring “https://*.doubleclick.net” within script-src: ‘strict-dynamic’ specified" {file: "https://www.walmart.ca/en?cmpid=WMUSRedirect" line: 0}] @ https://www.walmart.ca/en?cmpid=WMUSRedirect:0
[   36913ms] [WARNING] [JavaScript Warning: "Content-Security-Policy: Ignoring “https://*.flippback.com” within script-src: ‘strict-dynamic’ specified" {file: "https://www.walmart.ca/en?cmpid=WMUSRedirect" line: 0}] @ https://www.walmart.ca/en?cmpid=WMUSRedirect:0
[   36913ms] [WARNING] [JavaScript Warning: "Content-Security-Policy: Ignoring “https://*.flippenterprise.net” within script-src: ‘strict-dynamic’ specified" {file: "https://www.walmart.ca/en?cmpid=WMUSRedirect" line: 0}] @ https://www.walmart.ca/en?cmpid=WMUSRedirect:0
[   36913ms] [WARNING] [JavaScript Warning: "Content-Security-Policy: Ignoring “https://*.google-analytics.com” within script-src: ‘strict-dynamic’ specified" {file: "https://www.walmart.ca/en?cmpid=WMUSRedirect" line: 0}] @ https://www.walmart.ca/en?cmpid=WMUSRedirect:0
[   36913ms] [WARNING] [JavaScript Warning: "Content-Security-Policy: Ignoring “https://*.google.com” within script-src: ‘strict-dynamic’ specified" {file: "https://www.walmart.ca/en?cmpid=WMUSRedirect" line: 0}] @ https://www.walmart.ca/en?cmpid=WMUSRedirect:0
[   36913ms] [WARNING] [JavaScript Warning: "Content-Security-Policy: Ignoring “https://*.googleadservices.com” within script-src: ‘strict-dynamic’ specified" {file: "https://www.walmart.ca/en?cmpid=WMUSRedirect" line: 0}] @ https://www.walmart.ca/en?cmpid=WMUSRedirect:0
[   36913ms] [WARNING] [JavaScript Warning: "Content-Security-Policy: Ignoring “https://*.googletagmanager.com” within script-src: ‘strict-dynamic’ specified" {file: "https://www.walmart.ca/en?cmpid=WMUSRedirect" line: 0}] @ https://www.walmart.ca/en?cmpid=WMUSRedirect:0
[   36913ms] [WARNING] [JavaScript Warning: "Content-Security-Policy: Ignoring “https://*.px-cloud.net” within script-src: ‘strict-dynamic’ specified" {file: "https://www.walmart.ca/en?cmpid=WMUSRedirect" line: 0}] @ https://www.walmart.ca/en?cmpid=WMUSRedirect:0
[   36913ms] [WARNING] [JavaScript Warning: "Content-Security-Policy: Ignoring “https://*.syndigo.cloud” within script-src: ‘strict-dynamic’ specified" {file: "https://www.walmart.ca/en?cmpid=WMUSRedirect" line: 0}] @ https://www.walmart.ca/en?cmpid=WMUSRedirect:0
[   36913ms] [WARNING] [JavaScript Warning: "Content-Security-Policy: Ignoring “https://*.syndigo.com” within script-src: ‘strict-dynamic’ specified" {file: "https://www.walmart.ca/en?cmpid=WMUSRedirect" line: 0}] @ https://www.walmart.ca/en?cmpid=WMUSRedirect:0
[   36913ms] [WARNING] [JavaScript Warning: "Content-Security-Policy: Ignoring “https://*.truefitcorp.com/” within script-src: ‘strict-dynamic’ specified" {file: "https://www.walmart.ca/en?cmpid=WMUSRedirect" line: 0}] @ https://www.walmart.ca/en?cmpid=WMUSRedirect:0
[   36913ms] [WARNING] [JavaScript Warning: "Content-Security-Policy: Ignoring “https://*.wal.co” within script-src: ‘strict-dynamic’ specified" {file: "https://www.walmart.ca/en?cmpid=WMUSRedirect" line: 0}] @ https://www.walmart.ca/en?cmpid=WMUSRedirect:0
[   36914ms] [WARNING] [JavaScript Warning: "Content-Security-Policy: Ignoring “https://*.walmart.ca” within script-src: ‘strict-dynamic’ specified" {file: "https://www.walmart.ca/en?cmpid=WMUSRedirect" line: 0}] @ https://www.walmart.ca/en?cmpid=WMUSRedirect:0
[   36914ms] [WARNING] [JavaScript Warning: "Content-Security-Policy: Ignoring “https://*.walmartimages.ca” within script-src: ‘strict-dynamic’ specified" {file: "https://www.walmart.ca/en?cmpid=WMUSRedirect" line: 0}] @ https://www.walmart.ca/en?cmpid=WMUSRedirect:0
[   36914ms] [WARNING] [JavaScript Warning: "Content-Security-Policy: Ignoring “https://b.identity.walmart.com” within script-src: ‘strict-dynamic’ specified" {file: "https://www.walmart.ca/en?cmpid=WMUSRedirect" line: 0}] @ https://www.walmart.ca/en?cmpid=WMUSRedirect:0
[   36914ms] [WARNING] [JavaScript Warning: "Content-Security-Policy: Ignoring “https://beacon.super.lider.cl” within script-src: ‘strict-dynamic’ specified" {file: "https://www.walmart.ca/en?cmpid=WMUSRedirect" line: 0}] @ https://www.walmart.ca/en?cmpid=WMUSRedirect:0
[   36914ms] [WARNING] [JavaScript Warning: "Content-Security-Policy: Ignoring “https://beacon.walmart.ca” within script-src: ‘strict-dynamic’ specified" {file: "https://www.walmart.ca/en?cmpid=WMUSRedirect" line: 0}] @ https://www.walmart.ca/en?cmpid=WMUSRedirect:0
[   36914ms] [WARNING] [JavaScript Warning: "Content-Security-Policy: Ignoring “https://beacon.walmart.com” within script-src: ‘strict-dynamic’ specified" {file: "https://www.walmart.ca/en?cmpid=WMUSRedirect" line: 0}] @ https://www.walmart.ca/en?cmpid=WMUSRedirect:0
[   36914ms] [WARNING] [JavaScript Warning: "Content-Security-Policy: Ignoring “https://beacon.www.lider.cl” within script-src: ‘strict-dynamic’ specified" {file: "https://www.walmart.ca/en?cmpid=WMUSRedirect" line: 0}] @ https://www.walmart.ca/en?cmpid=WMUSRedirect:0
[   36914ms] [WARNING] [JavaScript Warning: "Content-Security-Policy: Ignoring “blob:” within script-src: ‘strict-dynamic’ specified" {file: "https://www.walmart.ca/en?cmpid=WMUSRedirect" line: 0}] @ https://www.walmart.ca/en?cmpid=WMUSRedirect:0
[   36914ms] [WARNING] [JavaScript Warning: "Content-Security-Policy: Ignoring “https://cdn.quantummetric.com” within script-src: ‘strict-dynamic’ specified" {file: "https://www.walmart.ca/en?cmpid=WMUSRedirect" line: 0}] @ https://www.walmart.ca/en?cmpid=WMUSRedirect:0
[   36914ms] [WARNING] [JavaScript Warning: "Content-Security-Policy: Ignoring “https://connect.facebook.net” within script-src: ‘strict-dynamic’ specified" {file: "https://www.walmart.ca/en?cmpid=WMUSRedirect" line: 0}] @ https://www.walmart.ca/en?cmpid=WMUSRedirect:0
[   36914ms] [WARNING] [JavaScript Warning: "Content-Security-Policy: Ignoring “https://drfdisvc.walmart.com” within script-src: ‘strict-dynamic’ specified" {file: "https://www.walmart.ca/en?cmpid=WMUSRedirect" line: 0}] @ https://www.walmart.ca/en?cmpid=WMUSRedirect:0
[   36914ms] [WARNING] [JavaScript Warning: "Content-Security-Policy: Ignoring “https://googleads.g.doubleclick.net” within script-src: ‘strict-dynamic’ specified" {file: "https://www.walmart.ca/en?cmpid=WMUSRedirect" line: 0}] @ https://www.walmart.ca/en?cmpid=WMUSRedirect:0
[   36914ms] [WARNING] [JavaScript Warning: "Content-Security-Policy: Ignoring “https://i5.walmartimages.com” within script-src: ‘strict-dynamic’ specified" {file: "https://www.walmart.ca/en?cmpid=WMUSRedirect" line: 0}] @ https://www.walmart.ca/en?cmpid=WMUSRedirect:0
[   36914ms] [WARNING] [JavaScript Warning: "Content-Security-Policy: Ignoring “https://syndi.webcollage.net” within script-src: ‘strict-dynamic’ specified" {file: "https://www.walmart.ca/en?cmpid=WMUSRedirect" line: 0}] @ https://www.walmart.ca/en?cmpid=WMUSRedirect:0
[   36914ms] [WARNING] [JavaScript Warning: "Content-Security-Policy: Ignoring “https://www.recaptcha.net” within script-src: ‘strict-dynamic’ specified" {file: "https://www.walmart.ca/en?cmpid=WMUSRedirect" line: 0}] @ https://www.walmart.ca/en?cmpid=WMUSRedirect:0
[   36915ms] [ERROR] [JavaScript Error: "Cookie “AID” has been rejected for invalid domain." {file: "https://www.walmart.ca/en?cmpid=WMUSRedirect" line: 0}] @ https://www.walmart.ca/en?cmpid=WMUSRedirect:0
[   36915ms] [ERROR] [JavaScript Error: "Cookie “com.wm.reflector” has been rejected for invalid domain." {file: "https://www.walmart.ca/en?cmpid=WMUSRedirect" line: 0}] @ https://www.walmart.ca/en?cmpid=WMUSRedirect:0
[   36915ms] [ERROR] [JavaScript Error: "Cookie “ACID” has been rejected for invalid domain." {file: "https://www.walmart.ca/en?cmpid=WMUSRedirect" line: 0}] @ https://www.walmart.ca/en?cmpid=WMUSRedirect:0
[   36915ms] [ERROR] [JavaScript Error: "Cookie “hasACID” has been rejected for invalid domain." {file: "https://www.walmart.ca/en?cmpid=WMUSRedirect" line: 0}] @ https://www.walmart.ca/en?cmpid=WMUSRedirect:0
[   36915ms] [ERROR] [JavaScript Error: "Cookie “TS01148171” has been rejected for invalid domain." {file: "https://www.walmart.ca/en?cmpid=WMUSRedirect" line: 0}] @ https://www.walmart.ca/en?cmpid=WMUSRedirect:0
[   36950ms] [ERROR] Error @ blob:https://www.walmart.com/42cdfa29-d218-4ef3-a965-d38baf79ca37:1
[   36952ms] [ERROR] Error @ blob:https://www.walmart.com/42cdfa29-d218-4ef3-a965-d38baf79ca37:1
[   37552ms] [WARNING] undefined @ https://i5.walmartimages.ca/beacon/beacon.js?bd=beacon.walmart.ca&bh=beacon.walmart.ca:0
[   37552ms] [WARNING] undefined @ https://i5.walmartimages.ca/beacon/beacon.js?bd=beacon.walmart.ca&bh=beacon.walmart.ca:0
[   37553ms] [WARNING] undefined @ https://i5.walmartimages.ca/beacon/beacon.js?bd=beacon.walmart.ca&bh=beacon.walmart.ca:0
[   37553ms] [WARNING] undefined @ https://i5.walmartimages.ca/beacon/beacon.js?bd=beacon.walmart.ca&bh=beacon.walmart.ca:0
[   37553ms] [WARNING] undefined @ https://i5.walmartimages.ca/beacon/beacon.js?bd=beacon.walmart.ca&bh=beacon.walmart.ca:0
[   37553ms] [WARNING] undefined @ https://i5.walmartimages.ca/beacon/beacon.js?bd=beacon.walmart.ca&bh=beacon.walmart.ca:0
[   37553ms] [WARNING] undefined @ https://i5.walmartimages.ca/beacon/beacon.js?bd=beacon.walmart.ca&bh=beacon.walmart.ca:0
[   37553ms] [WARNING] undefined @ https://i5.walmartimages.ca/beacon/beacon.js?bd=beacon.walmart.ca&bh=beacon.walmart.ca:0
[   37553ms] [WARNING] undefined @ https://i5.walmartimages.ca/beacon/beacon.js?bd=beacon.walmart.ca&bh=beacon.walmart.ca:0
[   37553ms] [WARNING] undefined @ https://i5.walmartimages.ca/beacon/beacon.js?bd=beacon.walmart.ca&bh=beacon.walmart.ca:0
[   37553ms] [WARNING] undefined @ https://i5.walmartimages.ca/beacon/beacon.js?bd=beacon.walmart.ca&bh=beacon.walmart.ca:0
[   37553ms] [WARNING] undefined @ https://i5.walmartimages.ca/beacon/beacon.js?bd=beacon.walmart.ca&bh=beacon.walmart.ca:0
[   37553ms] [WARNING] undefined @ https://i5.walmartimages.ca/beacon/beacon.js?bd=beacon.walmart.ca&bh=beacon.walmart.ca:0
[   37553ms] [WARNING] undefined @ https://i5.walmartimages.ca/beacon/beacon.js?bd=beacon.walmart.ca&bh=beacon.walmart.ca:0
[   37553ms] [WARNING] undefined @ https://i5.walmartimages.ca/beacon/beacon.js?bd=beacon.walmart.ca&bh=beacon.walmart.ca:0
[   37553ms] [WARNING] undefined @ https://i5.walmartimages.ca/beacon/beacon.js?bd=beacon.walmart.ca&bh=beacon.walmart.ca:0
[   37568ms] [WARNING] undefined @ https://i5.walmartimages.ca/beacon/beacon.js?bd=beacon.walmart.ca&bh=beacon.walmart.ca:0
[   37568ms] [WARNING] undefined @ https://i5.walmartimages.ca/beacon/beacon.js?bd=beacon.walmart.ca&bh=beacon.walmart.ca:0
[   37568ms] [WARNING] undefined @ https://i5.walmartimages.ca/beacon/beacon.js?bd=beacon.walmart.ca&bh=beacon.walmart.ca:0
[   37568ms] [WARNING] undefined @ https://i5.walmartimages.ca/beacon/beacon.js?bd=beacon.walmart.ca&bh=beacon.walmart.ca:0
[   37568ms] [WARNING] undefined @ https://i5.walmartimages.ca/beacon/beacon.js?bd=beacon.walmart.ca&bh=beacon.walmart.ca:0
[   37568ms] [WARNING] undefined @ https://i5.walmartimages.ca/beacon/beacon.js?bd=beacon.walmart.ca&bh=beacon.walmart.ca:0
[   37640ms] [WARNING] [JavaScript Warning: "The value of the attribute “expires” for the cookie “_ga_D2P3FM55BM” has been overwritten." {file: "https://www.walmart.ca/en?cmpid=WMUSRedirect" line: 0}] @ https://www.walmart.ca/en?cmpid=WMUSRedirect:0
[   37754ms] [ERROR] [JavaScript Error: "Security Error: Content at https://www.walmart.ca/en?cmpid=WMUSRedirect may not load data from chrome://juggler/content/juggler.xul."] @ :0
[   37803ms] [ERROR] [JavaScript Error: "Cookie “undefined” has been rejected for invalid domain." {file: "https://www.walmart.ca/orchestra/graphql/MergeAndGetCart/7c11f797323ed7790f04f7824b4ad2390bbca747947215de226571128aa44382" line: 0}] @ https://www.walmart.ca/orchestra/graphql/MergeAndGetCart/7c11f797323ed7790f04f7824b4ad2390bbca747947215de226571128aa44382:0
[   37803ms] [ERROR] [JavaScript Error: "Cookie “TS01148171” has been rejected for invalid domain." {file: "https://www.walmart.ca/orchestra/graphql/MergeAndGetCart/7c11f797323ed7790f04f7824b4ad2390bbca747947215de226571128aa44382" line: 0}] @ https://www.walmart.ca/orchestra/graphql/MergeAndGetCart/7c11f797323ed7790f04f7824b4ad2390bbca747947215de226571128aa44382:0
[   37819ms] [WARNING] [JavaScript Warning: "This page is in Almost Standards Mode. Page layout may be impacted. For Standards Mode use “<!DOCTYPE html>”." {file: "https://6835277.fls.doubleclick.net/activityi;src=6835277;type=remar;cat=sitew0;ord=9196562225157;npa=0;auiddc=325436712.1774494022;u15=en-CA;u16=https%3A%2F%2Fwww.walmart.ca%2Fen%3Fcmpid%3DWMUSRedirect;u17=aBnnDqgit1fgkfdBNDcCBQ;pscdl=noapi;frm=0;user_data_mode=c;_tu=IFA;gtm=45fe63p0h2v9177260377za200xec;gcs=G111;gcd=13t3t3l3l5l1;dma=0;dc_fmt=2;tag_exp=103116026~103200004~115616986~115938465~115938469~116024733~117384406~117484252;epver=2;em=tv.1;dc_random=1774494021_QKm8EYlSVdKZM2hbSM_67OMQMBmBq1-x2Q;_dc_" line: 0}] @ https://6835277.fls.doubleclick.net/activityi;src=6835277;type=remar;cat=sitew0;ord=9196562225157;npa=0;auiddc=325436712.1774494022;u15=en-CA;u16=https%3A%2F%2Fwww.walmart.ca%2Fen%3Fcmpid%3DWMUSRedirect;u17=aBnnDqgit1fgkfdBNDcCBQ;pscdl=noapi;frm=0;user_data_mode=c;_tu=IFA;gtm=45fe63p0h2v9177260377za200xec;gcs=G111;gcd=13t3t3l3l5l1;dma=0;dc_fmt=2;tag_exp=103116026~103200004~115616986~115938465~115938469~116024733~117384406~117484252;epver=2;em=tv.1;dc_random=1774494021_QKm8EYlSVdKZM2hbSM_67OMQMBmBq1-x2Q;_dc_test=1;~oref=https%3A%2F%2Fwww.walmart.ca%2Fen%3Fcmpid%3DWMUSRedirect?:0
[   38591ms] [WARNING] [JavaScript Warning: "Ignoring unsupported entryTypes: longtask." {file: "https://i5.walmartimages.ca/dfw/63fd9f59-1960/ca86ab52-bfdd-41cd-9f67-261f893e016b/v2/en-CA/_next/static/chunks/pages/_app-308e7c4c7b59a78f.js" line: 1}] @ https://i5.walmartimages.ca/dfw/63fd9f59-1960/ca86ab52-bfdd-41cd-9f67-261f893e016b/v2/en-CA/_next/static/chunks/pages/_app-308e7c4c7b59a78f.js:1
[   58956ms] [WARNING] [JavaScript Warning: "WEBGL_debug_renderer_info is deprecated in Firefox and will be removed. Please use RENDERER." {file: "https://www.walmart.ca/px/PXnp9B16Cq/init.js" line: 3}] @ https://www.walmart.ca/px/PXnp9B16Cq/init.js:3
[   67148ms] [ERROR] [JavaScript Error: "Content-Security-Policy: The page’s settings blocked the loading of a resource (frame-src) at https://js.px-cloud.net/?t=d-qrv9y4s1l-1774494051224&v=edc63611-28bf-11f1-8cf0-682e44e88b09 because it violates the following directive: “frame-src 'self' https://*.crcldu.com https://*.criteo.com https://*.doubleclick.net https://*.eko.com https://*.flippenterprise.net https://*.google.com https://*.googleadservices.com https://*.googlesyndication.com https://*.googletagmanager.com https://*.onetrust.com https://*.online-metrix.net https://*.quantummetric.com https://*.syndigo.cloud https://*.syndigo.com https://*.truefitcorp.com/ https://*.vimeo.com https://*.walmart.ca https://*.walmartimages.ca https://*.walmartimages.com https://adclick.g.doubleclick.net https://content.syndigo.com https://crcldu.com https://drfdisvc.walmart.com https://googleads.g.doubleclick.net https://console.googletagservices.com https://securepubads.g.doubleclick.net https://www.youtube.com/ https://youtu.be https://identity.walmart.com https://pagead2.googlesyndication.com https://salsify-ecdn.com https://syndi.webcollage.net https://tap.walmart.com https://tpc.googlesyndication.com https://vimeo.com https://wallet.walmart.ca https://wallet.walmart.com https://www.facebook.com https://www.google.com https://www.recaptcha.net”" {file: "https://www.walmart.ca/en?cmpid=WMUSRedirect" line: 0}] @ https://www.walmart.ca/en?cmpid=WMUSRedirect:0
[   67148ms] [WARNING] [JavaScript Warning: "This page is in Quirks Mode. Page layout may be impacted. For Standards Mode use “<!DOCTYPE html>”." {file: "https://www.walmart.ca/px/PXnp9B16Cq/captcha/captcha.js?a=c&m=0&u=edb34750-28bf-11f1-943b-2f6079fc445b&v=edc63611-28bf-11f1-8cf0-682e44e88b09&g=b" line: 2}] @ https://www.walmart.ca/px/PXnp9B16Cq/captcha/captcha.js?a=c&m=0&u=edb34750-28bf-11f1-943b-2f6079fc445b&v=edc63611-28bf-11f1-8cf0-682e44e88b09&g=b:2
[   67149ms] [WARNING] [JavaScript Warning: "onmozfullscreenchange is deprecated." {file: "https://www.walmart.ca/px/PXnp9B16Cq/captcha/captcha.js?a=c&m=0&u=edb34750-28bf-11f1-943b-2f6079fc445b&v=edc63611-28bf-11f1-8cf0-682e44e88b09&g=b" line: 2}] @ https://www.walmart.ca/px/PXnp9B16Cq/captcha/captcha.js?a=c&m=0&u=edb34750-28bf-11f1-943b-2f6079fc445b&v=edc63611-28bf-11f1-8cf0-682e44e88b09&g=b:2
[   67149ms] [WARNING] [JavaScript Warning: "onmozfullscreenerror is deprecated." {file: "https://www.walmart.ca/px/PXnp9B16Cq/captcha/captcha.js?a=c&m=0&u=edb34750-28bf-11f1-943b-2f6079fc445b&v=edc63611-28bf-11f1-8cf0-682e44e88b09&g=b" line: 2}] @ https://www.walmart.ca/px/PXnp9B16Cq/captcha/captcha.js?a=c&m=0&u=edb34750-28bf-11f1-943b-2f6079fc445b&v=edc63611-28bf-11f1-8cf0-682e44e88b09&g=b:2
[   67149ms] [WARNING] [JavaScript Warning: "This page is in Quirks Mode. Page layout may be impacted. For Standards Mode use “<!DOCTYPE html>”." {file: "https://www.walmart.ca/px/PXnp9B16Cq/captcha/captcha.js?a=c&m=0&u=edb34750-28bf-11f1-943b-2f6079fc445b&v=edc63611-28bf-11f1-8cf0-682e44e88b09&g=b" line: 2}] @ https://www.walmart.ca/px/PXnp9B16Cq/captcha/captcha.js?a=c&m=0&u=edb34750-28bf-11f1-943b-2f6079fc445b&v=edc63611-28bf-11f1-8cf0-682e44e88b09&g=b:2
[   67149ms] [WARNING] [JavaScript Warning: "This page is in Quirks Mode. Page layout may be impacted. For Standards Mode use “<!DOCTYPE html>”." {file: "https://www.walmart.ca/px/PXnp9B16Cq/captcha/captcha.js?a=c&m=0&u=edb34750-28bf-11f1-943b-2f6079fc445b&v=edc63611-28bf-11f1-8cf0-682e44e88b09&g=b" line: 2}] @ https://www.walmart.ca/px/PXnp9B16Cq/captcha/captcha.js?a=c&m=0&u=edb34750-28bf-11f1-943b-2f6079fc445b&v=edc63611-28bf-11f1-8cf0-682e44e88b09&g=b:2
[   67149ms] [WARNING] [JavaScript Warning: "This page is in Quirks Mode. Page layout may be impacted. For Standards Mode use “<!DOCTYPE html>”." {file: "https://www.walmart.ca/px/PXnp9B16Cq/captcha/captcha.js?a=c&m=0&u=edb34750-28bf-11f1-943b-2f6079fc445b&v=edc63611-28bf-11f1-8cf0-682e44e88b09&g=b" line: 2}] @ https://www.walmart.ca/px/PXnp9B16Cq/captcha/captcha.js?a=c&m=0&u=edb34750-28bf-11f1-943b-2f6079fc445b&v=edc63611-28bf-11f1-8cf0-682e44e88b09&g=b:2
[   67149ms] [WARNING] [JavaScript Warning: "This page is in Quirks Mode. Page layout may be impacted. For Standards Mode use “<!DOCTYPE html>”." {file: "https://www.walmart.ca/px/PXnp9B16Cq/captcha/captcha.js?a=c&m=0&u=edb34750-28bf-11f1-943b-2f6079fc445b&v=edc63611-28bf-11f1-8cf0-682e44e88b09&g=b" line: 2}] @ https://www.walmart.ca/px/PXnp9B16Cq/captcha/captcha.js?a=c&m=0&u=edb34750-28bf-11f1-943b-2f6079fc445b&v=edc63611-28bf-11f1-8cf0-682e44e88b09&g=b:2
[   67208ms] [ERROR] [JavaScript Error: "Security Error: Content at https://www.walmart.ca/en?cmpid=WMUSRedirect may not load data from chrome://juggler/content/juggler.xul."] @ :0
[   67208ms] [WARNING] [JavaScript Warning: "WEBGL_debug_renderer_info is deprecated in Firefox and will be removed. Please use RENDERER." {file: "https://client.px-cloud.net/PXnp9B16Cq/main.min.js" line: 3}] @ https://client.px-cloud.net/PXnp9B16Cq/main.min.js:3
[   67350ms] [WARNING] [JavaScript Warning: "InstallTrigger is deprecated and will be removed in the future." {file: "https://crcldu.com/bd/auditor.js?v=1774494000000" line: 1}] @ https://crcldu.com/bd/auditor.js?v=1774494000000:1
[   67350ms] [WARNING] [JavaScript Warning: "InstallTrigger is deprecated and will be removed in the future." {file: "https://crcldu.com/bd/auditor.js?v=1774494000000" line: 1}] @ https://crcldu.com/bd/auditor.js?v=1774494000000:1
[   67453ms] [WARNING] [JavaScript Warning: "This site appears to use a scroll-linked positioning effect. This may not work well with asynchronous panning; see https://firefox-source-docs.mozilla.org/performance/scroll-linked_effects.html for further details and to join the discussion on related tools and features!" {file: "https://www.walmart.ca/en?cmpid=WMUSRedirect" line: 0}] @ https://www.walmart.ca/en?cmpid=WMUSRedirect:0
[   89533ms] [WARNING] [JavaScript Warning: "The value of the attribute “expires” for the cookie “_ga_D2P3FM55BM” has been overwritten." {file: "https://www.walmart.ca/en?cmpid=WMUSRedirect" line: 0}] @ https://www.walmart.ca/en?cmpid=WMUSRedirect:0
[   89657ms] [WARNING] [JavaScript Warning: "This page is in Almost Standards Mode. Page layout may be impacted. For Standards Mode use “<!DOCTYPE html>”." {file: "https://6835277.fls.doubleclick.net/activityi;src=6835277;type=cart;cat=addto00;ord=9993945180709;npa=0;auiddc=325436712.1774494022;u5=6000201190792;u6=Blue%20Buffalo%20Bits%20Soft%20Dog%20Treats%20for%20Training%2C%20Chicken%20Recipe%204-oz%20bag;u7=;u8=;u9=;u10=;u11=;u12=6.97;u13=1;u15=en-CA;u16=https%3A%2F%2Fwww.walmart.ca%2Fen%3Fcmpid%3DWMUSRedirect;u17=aBnnDqgit1fgkfdBNDcCBQ;pscdl=noapi;frm=0;user_data_mode=c;_tu=IFA;gtm=45fe63p0h2v9177260377za200xec;gcs=G111;gcd=13t3t3l3l5l1;dma=0;dc_fmt=2;tag_exp=103" line: 0}] @ https://6835277.fls.doubleclick.net/activityi;src=6835277;type=cart;cat=addto00;ord=9993945180709;npa=0;auiddc=325436712.1774494022;u5=6000201190792;u6=Blue%20Buffalo%20Bits%20Soft%20Dog%20Treats%20for%20Training%2C%20Chicken%20Recipe%204-oz%20bag;u7=;u8=;u9=;u10=;u11=;u12=6.97;u13=1;u15=en-CA;u16=https%3A%2F%2Fwww.walmart.ca%2Fen%3Fcmpid%3DWMUSRedirect;u17=aBnnDqgit1fgkfdBNDcCBQ;pscdl=noapi;frm=0;user_data_mode=c;_tu=IFA;gtm=45fe63p0h2v9177260377za200xec;gcs=G111;gcd=13t3t3l3l5l1;dma=0;dc_fmt=2;tag_exp=103116026~103200004~115616986~115938465~115938469~116024733~117384406~117484252;epver=2;em=tv.1;dc_random=1774494073_bpMKegi93zy-fabpS69JwKuJpXVVKkv2Sw;_dc_test=1;~oref=https%3A%2F%2Fwww.walmart.ca%2Fen%3Fcmpid%3DWMUSRedirect?:0
[   89981ms] [ERROR] [JavaScript Error: "Content-Security-Policy: The page’s settings blocked the loading of a resource (frame-src) at https://js.px-cloud.net/?t=d-uzeik3jb3-1774494074061&v=edc63611-28bf-11f1-8cf0-682e44e88b09 because it violates the following directive: “frame-src 'self' https://*.crcldu.com https://*.criteo.com https://*.doubleclick.net https://*.eko.com https://*.flippenterprise.net https://*.google.com https://*.googleadservices.com https://*.googlesyndication.com https://*.googletagmanager.com https://*.onetrust.com https://*.online-metrix.net https://*.quantummetric.com https://*.syndigo.cloud https://*.syndigo.com https://*.truefitcorp.com/ https://*.vimeo.com https://*.walmart.ca https://*.walmartimages.ca https://*.walmartimages.com https://adclick.g.doubleclick.net https://content.syndigo.com https://crcldu.com https://drfdisvc.walmart.com https://googleads.g.doubleclick.net https://console.googletagservices.com https://securepubads.g.doubleclick.net https://www.youtube.com/ https://youtu.be https://identity.walmart.com https://pagead2.googlesyndication.com https://salsify-ecdn.com https://syndi.webcollage.net https://tap.walmart.com https://tpc.googlesyndication.com https://vimeo.com https://wallet.walmart.ca https://wallet.walmart.com https://www.facebook.com https://www.google.com https://www.recaptcha.net”" {file: "https://www.walmart.ca/en?cmpid=WMUSRedirect" line: 0}] @ https://www.walmart.ca/en?cmpid=WMUSRedirect:0
[   89996ms] [WARNING] [JavaScript Warning: "This page is in Quirks Mode. Page layout may be impacted. For Standards Mode use “<!DOCTYPE html>”." {file: "https://www.walmart.ca/px/PXnp9B16Cq/captcha/captcha.js?a=c&m=0&u=edb34750-28bf-11f1-943b-2f6079fc445b&v=edc63611-28bf-11f1-8cf0-682e44e88b09&g=b" line: 2}] @ https://www.walmart.ca/px/PXnp9B16Cq/captcha/captcha.js?a=c&m=0&u=edb34750-28bf-11f1-943b-2f6079fc445b&v=edc63611-28bf-11f1-8cf0-682e44e88b09&g=b:2
[   89996ms] [WARNING] [JavaScript Warning: "This page is in Quirks Mode. Page layout may be impacted. For Standards Mode use “<!DOCTYPE html>”." {file: "https://www.walmart.ca/px/PXnp9B16Cq/captcha/captcha.js?a=c&m=0&u=edb34750-28bf-11f1-943b-2f6079fc445b&v=edc63611-28bf-11f1-8cf0-682e44e88b09&g=b" line: 2}] @ https://www.walmart.ca/px/PXnp9B16Cq/captcha/captcha.js?a=c&m=0&u=edb34750-28bf-11f1-943b-2f6079fc445b&v=edc63611-28bf-11f1-8cf0-682e44e88b09&g=b:2
[   89997ms] [WARNING] [JavaScript Warning: "This page is in Quirks Mode. Page layout may be impacted. For Standards Mode use “<!DOCTYPE html>”." {file: "https://www.walmart.ca/px/PXnp9B16Cq/captcha/captcha.js?a=c&m=0&u=edb34750-28bf-11f1-943b-2f6079fc445b&v=edc63611-28bf-11f1-8cf0-682e44e88b09&g=b" line: 2}] @ https://www.walmart.ca/px/PXnp9B16Cq/captcha/captcha.js?a=c&m=0&u=edb34750-28bf-11f1-943b-2f6079fc445b&v=edc63611-28bf-11f1-8cf0-682e44e88b09&g=b:2
[   89997ms] [WARNING] [JavaScript Warning: "This page is in Quirks Mode. Page layout may be impacted. For Standards Mode use “<!DOCTYPE html>”." {file: "https://www.walmart.ca/px/PXnp9B16Cq/captcha/captcha.js?a=c&m=0&u=edb34750-28bf-11f1-943b-2f6079fc445b&v=edc63611-28bf-11f1-8cf0-682e44e88b09&g=b" line: 2}] @ https://www.walmart.ca/px/PXnp9B16Cq/captcha/captcha.js?a=c&m=0&u=edb34750-28bf-11f1-943b-2f6079fc445b&v=edc63611-28bf-11f1-8cf0-682e44e88b09&g=b:2
[   89997ms] [WARNING] [JavaScript Warning: "This page is in Quirks Mode. Page layout may be impacted. For Standards Mode use “<!DOCTYPE html>”." {file: "https://www.walmart.ca/px/PXnp9B16Cq/captcha/captcha.js?a=c&m=0&u=edb34750-28bf-11f1-943b-2f6079fc445b&v=edc63611-28bf-11f1-8cf0-682e44e88b09&g=b" line: 2}] @ https://www.walmart.ca/px/PXnp9B16Cq/captcha/captcha.js?a=c&m=0&u=edb34750-28bf-11f1-943b-2f6079fc445b&v=edc63611-28bf-11f1-8cf0-682e44e88b09&g=b:2
[   90051ms] [WARNING] [JavaScript Warning: "WEBGL_debug_renderer_info is deprecated in Firefox and will be removed. Please use RENDERER." {file: "https://client.px-cloud.net/PXnp9B16Cq/main.min.js" line: 3}] @ https://client.px-cloud.net/PXnp9B16Cq/main.min.js:3
[   90052ms] [ERROR] [JavaScript Error: "Security Error: Content at https://www.walmart.ca/en?cmpid=WMUSRedirect may not load data from chrome://juggler/content/juggler.xul."] @ :0
[   90160ms] [WARNING] [JavaScript Warning: "InstallTrigger is deprecated and will be removed in the future." {file: "https://crcldu.com/bd/auditor.js?v=1774494000000" line: 1}] @ https://crcldu.com/bd/auditor.js?v=1774494000000:1
[   90163ms] [WARNING] [JavaScript Warning: "InstallTrigger is deprecated and will be removed in the future." {file: "https://crcldu.com/bd/auditor.js?v=1774494000000" line: 1}] @ https://crcldu.com/bd/auditor.js?v=1774494000000:1
[  100496ms] [WARNING] [JavaScript Warning: "WEBGL_debug_renderer_info is deprecated in Firefox and will be removed. Please use RENDERER." {file: "https://client.px-cloud.net/PXnp9B16Cq/main.min.js" line: 3}] @ https://client.px-cloud.net/PXnp9B16Cq/main.min.js:3
[  100830ms] [WARNING] [JavaScript Warning: "InstallTrigger is deprecated and will be removed in the future." {file: "https://crcldu.com/bd/auditor.js?v=1774494000000" line: 1}] @ https://crcldu.com/bd/auditor.js?v=1774494000000:1
[  100995ms] [ERROR] [JavaScript Error: "Content-Security-Policy: The page’s settings blocked the loading of a resource (frame-src) at https://js.px-cloud.net/?t=d-diqfmpa8w-1774494085081&v=edc63611-28bf-11f1-8cf0-682e44e88b09 because it violates the following directive: “frame-src 'self' https://*.crcldu.com https://*.criteo.com https://*.doubleclick.net https://*.eko.com https://*.flippenterprise.net https://*.google.com https://*.googleadservices.com https://*.googlesyndication.com https://*.googletagmanager.com https://*.onetrust.com https://*.online-metrix.net https://*.quantummetric.com https://*.syndigo.cloud https://*.syndigo.com https://*.truefitcorp.com/ https://*.vimeo.com https://*.walmart.ca https://*.walmartimages.ca https://*.walmartimages.com https://adclick.g.doubleclick.net https://content.syndigo.com https://crcldu.com https://drfdisvc.walmart.com https://googleads.g.doubleclick.net https://console.googletagservices.com https://securepubads.g.doubleclick.net https://www.youtube.com/ https://youtu.be https://identity.walmart.com https://pagead2.googlesyndication.com https://salsify-ecdn.com https://syndi.webcollage.net https://tap.walmart.com https://tpc.googlesyndication.com https://vimeo.com https://wallet.walmart.ca https://wallet.walmart.com https://www.facebook.com https://www.google.com https://www.recaptcha.net”" {file: "https://www.walmart.ca/en?cmpid=WMUSRedirect" line: 0}] @ https://www.walmart.ca/en?cmpid=WMUSRedirect:0
[  101011ms] [WARNING] [JavaScript Warning: "This page is in Quirks Mode. Page layout may be impacted. For Standards Mode use “<!DOCTYPE html>”." {file: "https://www.walmart.ca/px/PXnp9B16Cq/captcha/captcha.js?a=c&m=0&u=edb34750-28bf-11f1-943b-2f6079fc445b&v=edc63611-28bf-11f1-8cf0-682e44e88b09&g=b" line: 2}] @ https://www.walmart.ca/px/PXnp9B16Cq/captcha/captcha.js?a=c&m=0&u=edb34750-28bf-11f1-943b-2f6079fc445b&v=edc63611-28bf-11f1-8cf0-682e44e88b09&g=b:2
[  101011ms] [WARNING] [JavaScript Warning: "This page is in Quirks Mode. Page layout may be impacted. For Standards Mode use “<!DOCTYPE html>”." {file: "https://www.walmart.ca/px/PXnp9B16Cq/captcha/captcha.js?a=c&m=0&u=edb34750-28bf-11f1-943b-2f6079fc445b&v=edc63611-28bf-11f1-8cf0-682e44e88b09&g=b" line: 2}] @ https://www.walmart.ca/px/PXnp9B16Cq/captcha/captcha.js?a=c&m=0&u=edb34750-28bf-11f1-943b-2f6079fc445b&v=edc63611-28bf-11f1-8cf0-682e44e88b09&g=b:2
[  101011ms] [WARNING] [JavaScript Warning: "This page is in Quirks Mode. Page layout may be impacted. For Standards Mode use “<!DOCTYPE html>”." {file: "https://www.walmart.ca/px/PXnp9B16Cq/captcha/captcha.js?a=c&m=0&u=edb34750-28bf-11f1-943b-2f6079fc445b&v=edc63611-28bf-11f1-8cf0-682e44e88b09&g=b" line: 2}] @ https://www.walmart.ca/px/PXnp9B16Cq/captcha/captcha.js?a=c&m=0&u=edb34750-28bf-11f1-943b-2f6079fc445b&v=edc63611-28bf-11f1-8cf0-682e44e88b09&g=b:2
[  101011ms] [WARNING] [JavaScript Warning: "This page is in Quirks Mode. Page layout may be impacted. For Standards Mode use “<!DOCTYPE html>”." {file: "https://www.walmart.ca/px/PXnp9B16Cq/captcha/captcha.js?a=c&m=0&u=edb34750-28bf-11f1-943b-2f6079fc445b&v=edc63611-28bf-11f1-8cf0-682e44e88b09&g=b" line: 2}] @ https://www.walmart.ca/px/PXnp9B16Cq/captcha/captcha.js?a=c&m=0&u=edb34750-28bf-11f1-943b-2f6079fc445b&v=edc63611-28bf-11f1-8cf0-682e44e88b09&g=b:2
[  101011ms] [WARNING] [JavaScript Warning: "This page is in Quirks Mode. Page layout may be impacted. For Standards Mode use “<!DOCTYPE html>”." {file: "https://www.walmart.ca/px/PXnp9B16Cq/captcha/captcha.js?a=c&m=0&u=edb34750-28bf-11f1-943b-2f6079fc445b&v=edc63611-28bf-11f1-8cf0-682e44e88b09&g=b" line: 2}] @ https://www.walmart.ca/px/PXnp9B16Cq/captcha/captcha.js?a=c&m=0&u=edb34750-28bf-11f1-943b-2f6079fc445b&v=edc63611-28bf-11f1-8cf0-682e44e88b09&g=b:2
[  101054ms] [ERROR] [JavaScript Error: "Security Error: Content at https://www.walmart.ca/en?cmpid=WMUSRedirect may not load data from chrome://juggler/content/juggler.xul."] @ :0
[  101054ms] [WARNING] [JavaScript Warning: "WEBGL_debug_renderer_info is deprecated in Firefox and will be removed. Please use RENDERER." {file: "https://client.px-cloud.net/PXnp9B16Cq/main.min.js" line: 3}] @ https://client.px-cloud.net/PXnp9B16Cq/main.min.js:3
[  101134ms] [WARNING] [JavaScript Warning: "InstallTrigger is deprecated and will be removed in the future." {file: "https://crcldu.com/bd/auditor.js?v=1774494000000" line: 1}] @ https://crcldu.com/bd/auditor.js?v=1774494000000:1
[  101134ms] [WARNING] [JavaScript Warning: "InstallTrigger is deprecated and will be removed in the future." {file: "https://crcldu.com/bd/auditor.js?v=1774494000000" line: 1}] @ https://crcldu.com/bd/auditor.js?v=1774494000000:1
[  109864ms] [WARNING] [JavaScript Warning: "WEBGL_debug_renderer_info is deprecated in Firefox and will be removed. Please use RENDERER." {file: "https://client.px-cloud.net/PXnp9B16Cq/main.min.js" line: 3}] @ https://client.px-cloud.net/PXnp9B16Cq/main.min.js:3
